{"type":"server-started","port":60898,"host":"127.0.0.1","url_host":"localhost","url":"http://localhost:60898","screen_dir":"/Users/maurogoyeneche/workspace/cowork-ai/carruseles-barbero/.superpowers/brainstorm/69554-1777684479/content","state_dir":"/Users/maurogoyeneche/workspace/cowork-ai/carruseles-barbero/.superpowers/brainstorm/69554-1777684479/state"}
{"type":"screen-added","file":"/Users/maurogoyeneche/workspace/cowork-ai/carruseles-barbero/.superpowers/brainstorm/69554-1777684479/content/formatos.html"}
{"source":"user-event","type":"click","text":"frase negativa\n      \n      \n        \n        FRASE POSITIVA\n      \n    \n    \n      Split B&W + Color ACTUAL\n      Mitad superior en blanco y negro con frase negativa, mitad inferior a color con frase positiva.","choice":"split","id":null,"timestamp":1777684534301}
{"source":"user-event","type":"click","text":"frase arriba\n        \n        FRASE ABAJO\n      \n    \n    \n      Imagen completa + texto centrado\n      Foto a pantalla completa, dos frases superpuestas: una arriba tenue y una abajo destacada.","choice":"full","id":null,"timestamp":1777684536099}
{"source":"user-event","type":"click","text":"\"\n        El mejor corte que vas a tener\n        \n        — Barbero\n      \n    \n    \n      Cita / frase destacada\n      Fondo oscuro sólido, una sola frase grande con comillas y firma. Sin foto. Ideal para mensajes de valor o reflexiones.","choice":"quote","id":null,"timestamp":1777684537249}
{"type":"screen-added","file":"/Users/maurogoyeneche/workspace/cowork-ai/carruseles-barbero/.superpowers/brainstorm/69554-1777684479/content/formatos-v2.html"}
{"source":"user-event","type":"click","text":"\"\n        El mejor corte que vas a tener\n        \n        — Barbero\n      \n    \n    \n      Cita destacada\n      Sin foto. Fondo oscuro, una frase poderosa con firma. Para reflexiones o valores.","choice":"quote","id":null,"timestamp":1777684638453}
{"source":"user-event","type":"click","text":"solo tengo una tijera\n        TENGO UNA HERRAMIENTA PARA CAMBIAR MI FUTURO\n      \n    \n    \n      Imagen completa\n      Foto entera, frases arriba y abajo superpuestas con gradiente.","choice":"full","id":null,"timestamp":1777684639328}
{"source":"user-event","type":"click","text":"solo tengo una tijera\n        \n        \n          \n          TENGO UNA HERRAMIENTA PARA CAMBIAR MI FUTURO\n        \n      \n    \n    \n      Split B&W + Color ACTUAL\n      Mitad B&N arriba, color abajo.","choice":"split","id":null,"timestamp":1777684640053}
{"source":"user-event","type":"click","text":"ANTES\n        \n        \n        \n          \n          DESPUÉS\n        \n      \n    \n    \n      Antes / Después\n      Dos fotos en el mismo slide. Muy efectivo para mostrar resultados de cortes.","choice":"before_after","id":null,"timestamp":1777684640902}
{"source":"user-event","type":"click","text":"ANTES\n        \n        \n        \n          \n          DESPUÉS\n        \n      \n    \n    \n      Antes / Después\n      Dos fotos en el mismo slide. Muy efectivo para mostrar resultados de cortes.","choice":"before_after","id":null,"timestamp":1777684641626}
{"source":"user-event","type":"click","text":"\"\n        El mejor corte que vas a tener\n        \n        — Barbero\n      \n    \n    \n      Cita destacada\n      Sin foto. Fondo oscuro, una frase poderosa con firma. Para reflexiones o valores.","choice":"quote","id":null,"timestamp":1777684642142}
{"source":"user-event","type":"click","text":"solo tengo una tijera\n        TENGO UNA HERRAMIENTA PARA CAMBIAR MI FUTURO\n      \n    \n    \n      Imagen completa\n      Foto entera, frases arriba y abajo superpuestas con gradiente.","choice":"full","id":null,"timestamp":1777684642776}
{"source":"user-event","type":"click","text":"\"\n        El mejor corte que vas a tener\n        \n        — Barbero\n      \n    \n    \n      Cita destacada\n      Sin foto. Fondo oscuro, una frase poderosa con firma. Para reflexiones o valores.","choice":"quote","id":null,"timestamp":1777684655849}
{"source":"user-event","type":"click","text":"solo tengo una tijera\n        \n        \n          \n          TENGO UNA HERRAMIENTA PARA CAMBIAR MI FUTURO\n        \n      \n    \n    \n      Split B&W + Color ACTUAL\n      Mitad B&N arriba, color abajo.","choice":"split","id":null,"timestamp":1777684663036}
{"source":"user-event","type":"click","text":"solo tengo una tijera\n        TENGO UNA HERRAMIENTA PARA CAMBIAR MI FUTURO\n      \n    \n    \n      Imagen completa\n      Foto entera, frases arriba y abajo superpuestas con gradiente.","choice":"full","id":null,"timestamp":1777684695880}
{"type":"screen-added","file":"/Users/maurogoyeneche/workspace/cowork-ai/carruseles-barbero/.superpowers/brainstorm/69554-1777684479/content/posiciones.html"}
{"type":"screen-added","file":"/Users/maurogoyeneche/workspace/cowork-ai/carruseles-barbero/.superpowers/brainstorm/69554-1777684479/content/posiciones-v2.html"}
{"type":"screen-added","file":"/Users/maurogoyeneche/workspace/cowork-ai/carruseles-barbero/.superpowers/brainstorm/69554-1777684479/content/posiciones-v3.html"}
{"source":"user-event","type":"click","text":"Una tijeraen mis manos\n    \n    ← Centro izq","choice":"middle-left","id":null,"timestamp":1777685007075}
{"source":"user-event","type":"click","text":"Una tijeraen mis manos\n    \n    ← Centro izq","choice":"middle-left","id":null,"timestamp":1777685009682}
{"type":"screen-added","file":"/Users/maurogoyeneche/workspace/cowork-ai/carruseles-barbero/.superpowers/brainstorm/69554-1777684479/content/waiting.html"}
{"type":"server-stopped","reason":"idle timeout"}
